[22:03:13] [main/INFO]: Loading Minecraft 1.20.4 with Fabric Loader 0.16.10
[22:03:13] [ForkJoinPool-1-worker-3/WARN]: Mod com_github_shevek_parallelgzip uses the version af5f5c297e735f3f2df7aa4eb0e19a5810b8aff6 which isn't compatible with Loader's extended semantic version format (Could not parse version number component 'af5f5c297e735f3f2df7aa4eb0e19a5810b8aff6'!), SemVer is recommended for reliably evaluating dependencies and prioritizing newer version
[22:03:14] [main/WARN]: Warnings were found!
 - Mod 'Textile Backup' (textile_backup) 3.1.3-1.20 recommends any version of modmenu, which is missing!
	 - You should install any version of modmenu for the optimal experience.
[22:03:14] [main/INFO]: Loading 102 mods:
	- amplified_nether 1.2.4
	- armor-stand-editor 2.3.0+1.20.3-rc1
	   |-- common-protection-api 1.0.0
	   |-- fabric-permissions-api-v0 0.2-SNAPSHOT
	   |-- player-data-api 0.4.0+1.20.3
	   |-- server_translations_api 2.2.0+1.20.3-rc1
	   \-- sgui 1.3.0+1.20.2
	- betterdeserttemples 1.20.4-Fabric-3.4.1
	   \-- org_reflections_reflections 0.10.2
	- betterdungeons 1.20.4-Fabric-4.4.1
	   \-- org_reflections_reflections 0.10.2
	- betterendisland 1.20.4-Fabric-2.4.1
	   \-- org_reflections_reflections 0.10.2
	- betterfortresses 1.20.4-Fabric-2.4.2
	   \-- org_reflections_reflections 0.10.2
	- betterjungletemples 1.20.4-Fabric-2.4.1
	   \-- org_reflections_reflections 0.10.2
	- bettermineshafts 1.20.4-Fabric-4.4.1
	   \-- org_reflections_reflections 0.10.2
	- betteroceanmonuments 1.20.4-Fabric-3.4.1
	   \-- org_reflections_reflections 0.10.2
	- betterstrongholds 1.20.4-Fabric-4.4.1
	   \-- org_reflections_reflections 0.10.2
	- betterwitchhuts 1.20.4-Fabric-3.4.1
	   \-- org_reflections_reflections 0.10.2
	- bigendcitiesmod 1.20.4-1.0.4
	- cloth-config 13.0.121
	   \-- cloth-basic-math 0.6.1
	- collective 7.40
	- fabric-api 0.96.11+1.20.4
	   |-- fabric-api-lookup-api-v1 1.6.49+82b1bb3e4f
	   |-- fabric-biome-api-v1 13.0.16+78d798af4f
	   |-- fabric-block-api-v1 1.0.16+3e2216cb4f
	   |-- fabric-block-view-api-v2 1.0.4+78d798af4f
	   |-- fabric-blockrenderlayer-v1 1.1.46+78d798af4f
	   |-- fabric-client-tags-api-v1 1.1.7+78d798af4f
	   |-- fabric-command-api-v1 1.2.41+f71b366f4f
	   |-- fabric-commands-v0 0.2.58+df3654b34f
	   |-- fabric-containers-v0 0.1.86+df3654b34f
	   |-- fabric-content-registries-v0 5.0.15+78d798af4f
	   |-- fabric-convention-tags-v1 1.5.10+78d798af4f
	   |-- fabric-crash-report-info-v1 0.2.23+78d798af4f
	   |-- fabric-data-attachment-api-v1 1.1.4+b90db5744f
	   |-- fabric-data-generation-api-v1 13.2.4+5c0133444f
	   |-- fabric-dimensions-v1 2.1.61+78d798af4f
	   |-- fabric-entity-events-v1 1.6.1+09fc25014f
	   |-- fabric-events-interaction-v0 0.7.1+389931eb4f
	   |-- fabric-events-lifecycle-v0 0.2.74+df3654b34f
	   |-- fabric-game-rule-api-v1 1.0.46+78d798af4f
	   |-- fabric-item-api-v1 2.2.0+d6f2b0844f
	   |-- fabric-item-group-api-v1 4.0.26+58f8c0124f
	   |-- fabric-key-binding-api-v1 1.0.41+78d798af4f
	   |-- fabric-keybindings-v0 0.2.39+df3654b34f
	   |-- fabric-lifecycle-events-v1 2.3.0+a67ffb5d4f
	   |-- fabric-loot-api-v2 2.1.9+78d798af4f
	   |-- fabric-message-api-v1 6.0.5+78d798af4f
	   |-- fabric-mining-level-api-v1 2.1.65+78d798af4f
	   |-- fabric-model-loading-api-v1 1.0.8+78d798af4f
	   |-- fabric-models-v0 0.4.7+9386d8a74f
	   |-- fabric-object-builder-api-v1 13.0.14+080016e44f
	   |-- fabric-particles-v1 1.1.7+78d798af4f
	   |-- fabric-recipe-api-v1 2.0.20+78d798af4f
	   |-- fabric-registry-sync-v0 4.0.19+58f8c0124f
	   |-- fabric-renderer-api-v1 3.2.4+78d798af4f
	   |-- fabric-renderer-indigo 1.5.4+78d798af4f
	   |-- fabric-renderer-registries-v1 3.2.53+df3654b34f
	   |-- fabric-rendering-data-attachment-v1 0.3.42+73761d2e4f
	   |-- fabric-rendering-fluids-v1 3.1.1+e761c6694f
	   |-- fabric-rendering-v0 1.1.56+df3654b34f
	   |-- fabric-rendering-v1 3.2.0+6fd945a04f
	   |-- fabric-resource-conditions-api-v1 2.3.14+78d798af4f
	   |-- fabric-screen-api-v1 2.0.17+78d798af4f
	   |-- fabric-screen-handler-api-v1 1.3.55+78d798af4f
	   |-- fabric-sound-api-v1 1.0.17+78d798af4f
	   |-- fabric-transfer-api-v1 4.0.11+eb30349a4f
	   \-- fabric-transitive-access-wideners-v1 5.0.14+78d798af4f
	- fabricloader 0.16.10
	   \-- mixinextras 0.4.1
	- forgeconfigapiport 20.4.3
	   |-- com_electronwill_night-config_core 3.6.6
	   \-- com_electronwill_night-config_toml 3.6.6
	- giantspawn 5.0
	- java 21
	- midnightlib 1.5.3
	- minecraft 1.20.4
	- mr_talentium 0.27
	- mr_true_ending 1-v1.1.0c
	- naturallychargedcreepers 3.4
	- nox 2.7.1+1.20.4
	   |-- common-protection-api 1.0.0
	   \-- polymer-core 0.7.6+1.20.4
	        |-- polymer-networking 0.7.6+1.20.4
	        |    \-- polymer-common 0.7.6+1.20.4
	        |         \-- packet_tweaker 0.5.1+1.20.4
	        \-- polymer-registry-sync-manipulator 0.7.6+1.20.4
	- nullscape 1.2.4
	- skeletonhorsespawn 3.8
	- sparsestructures 2.1.2
	- terralith 2.4.11
	- textile_backup 3.1.3-1.20
	   |-- com_github_shevek_parallelgzip af5f5c297e735f3f2df7aa4eb0e19a5810b8aff6
	   |-- org_apache_commons_commons-compress 1.22
	   \-- org_tukaani_xz 1.9
	- toggleableitemframes 4.1.0-1.20.4
	- torchhit 6.0.2.0
	- universal_shops 1.5.0+1.20.3
	   |-- common-economy-api 1.1.1
	   |-- common-protection-api 1.0.0
	   |-- fabric-permissions-api-v0 0.2-SNAPSHOT
	   |-- placeholder-api 2.3.0+1.20.3
	   |-- polymer-resource-pack 0.7.0+1.20.3-rc1
	   |-- polymer-virtual-entity 0.7.0+1.20.3-rc1
	   |-- server_translations_api 2.2.0+1.20.3-rc1
	   \-- sgui 1.3.0+1.20.2
	- vivecraft 1.20.4-1.2.2
	   |-- com_electronwill_night-config_core 3.6.6
	   |-- com_electronwill_night-config_toml 3.6.6
	   |-- com_illposed_osc_javaosc-core 0.9
	   |-- fabric-api-base 0.4.37+78d798af4f
	   |-- fabric-command-api-v2 2.2.21+78d798af4f
	   |-- fabric-networking-api-v1 3.1.9+6abb6a4b4f
	   |-- fabric-resource-loader-v0 0.11.21+ee30b13a4f
	   |-- org_lwjgl_lwjgl-openvr 3.3.2
	   |-- org_lwjgl_lwjgl-openvr_natives-linux 3.3.2
	   |-- org_lwjgl_lwjgl-openvr_natives-macos 3.3.2
	   \-- org_lwjgl_lwjgl-openvr_natives-windows 3.3.2
	- yungsapi 1.20.4-Fabric-4.4.2
	   |-- org_javassist_javassist 3.29.2-GA
	   \-- org_reflections_reflections 0.10.2
	- yungsextras 1.20.4-Fabric-4.4.0
	   \-- org_reflections_reflections 0.10.2
	- zombiehorsespawn 4.8
[22:03:14] [main/INFO]: SpongePowered MIXIN Subsystem Version=0.8.7 Source=file:/D:/URODYserver1.20.4/libraries/net/fabricmc/sponge-mixin/0.15.4+mixin.0.8.7/sponge-mixin-0.15.4+mixin.0.8.7.jar Service=Knot/Fabric Env=SERVER
[22:03:14] [main/INFO]: Compatibility level set to JAVA_17
[22:03:14] [main/WARN]: Reference map 'ForgeConfigAPIPort-Common-refmap.json' for forgeconfigapiport.common.mixins.json could not be read. If this is a development environment you can ignore this message
[22:03:14] [main/WARN]: Reference map 'universal_shops-refmap.json' for universal_shops.mixins.json could not be read. If this is a development environment you can ignore this message
[22:03:14] [main/WARN]: Reference map 'yungsextras.refmap.json' for yungsextras.mixins.json could not be read. If this is a development environment you can ignore this message
[22:03:14] [main/WARN]: Reference map 'yungsextras.refmap.json' for yungsextras_fabric.mixins.json could not be read. If this is a development environment you can ignore this message
[22:03:15] [main/INFO]: Initializing MixinExtras via com.llamalad7.mixinextras.service.MixinExtrasServiceImpl(version=0.4.1).
[22:03:22] [main/WARN]: @Inject(@At("INVOKE")) Shift.BY=1 on nox.mixins.json:GhastShootFireballGoalMixin from mod nox::handler$zob000$nox$ghastLessCooldown exceeds the maximum allowed value: 0. Increase the value of maxShiftBy to suppress this warning.
[22:03:24] [main/INFO]: Reflections took 79 ms to scan 1 urls, producing 1 keys and 2 values
[22:03:24] [main/INFO]: Reflections took 3 ms to scan 1 urls, producing 1 keys and 2 values
[22:03:24] [main/INFO]: Reflections took 2 ms to scan 1 urls, producing 1 keys and 3 values
[22:03:24] [main/INFO]: Reflections took 2 ms to scan 1 urls, producing 1 keys and 3 values
[22:03:24] [main/INFO]: Reflections took 1 ms to scan 1 urls, producing 1 keys and 2 values
[22:03:24] [main/INFO]: Reflections took 1 ms to scan 1 urls, producing 1 keys and 2 values
[22:03:24] [main/INFO]: Reflections took 2 ms to scan 1 urls, producing 1 keys and 1 values
[22:03:24] [main/INFO]: Reflections took 1 ms to scan 1 urls, producing 1 keys and 1 values
[22:03:24] [main/INFO]: Reflections took 2 ms to scan 1 urls, producing 1 keys and 3 values
[22:03:24] [main/INFO]: Reflections took 0 ms to scan 1 urls, producing 1 keys and 3 values
[22:03:24] [main/INFO]: Reflections took 2 ms to scan 1 urls, producing 1 keys and 2 values
[22:03:24] [main/INFO]: Reflections took 1 ms to scan 1 urls, producing 1 keys and 2 values
[22:03:24] [main/INFO]: Reflections took 1 ms to scan 1 urls, producing 1 keys and 1 values
[22:03:24] [main/INFO]: Reflections took 1 ms to scan 1 urls, producing 1 keys and 1 values
[22:03:24] [main/INFO]: Reflections took 1 ms to scan 1 urls, producing 1 keys and 2 values
[22:03:24] [main/INFO]: Reflections took 1 ms to scan 1 urls, producing 1 keys and 2 values
[22:03:24] [main/INFO]: Reflections took 1 ms to scan 1 urls, producing 1 keys and 1 values
[22:03:24] [main/INFO]: Reflections took 1 ms to scan 1 urls, producing 1 keys and 1 values
[22:03:24] [main/INFO]: [STDOUT]: All 6 have been set properly
[22:03:24] [main/INFO]: Loading Collective version 7.40.
[22:03:25] [main/INFO]: [Textile Backup] Starting Textile Backup 3.1.3-1.20:1.20.4 by Szum123321
[22:03:25] [main/INFO]: Reflections took 2 ms to scan 1 urls, producing 1 keys and 3 values
[22:03:25] [main/INFO]: Reflections took 3 ms to scan 1 urls, producing 1 keys and 3 values
[22:03:25] [main/INFO]: Reflections took 1 ms to scan 1 urls, producing 1 keys and 2 values
[22:03:25] [main/INFO]: Reflections took 1 ms to scan 1 urls, producing 1 keys and 2 values
[22:03:25] [main/INFO]: Environment: Environment[sessionHost=https://sessionserver.mojang.com, servicesHost=https://api.minecraftservices.com, name=PROD]
[22:03:25] [main/WARN]: Missing metadata in pack file/compass-cords.zip
[22:03:26] [main/INFO]: Found new data pack amplified_nether, loading it automatically
[22:03:26] [main/INFO]: Found new data pack armor-stand-editor, loading it automatically
[22:03:26] [main/INFO]: Found new data pack betterdeserttemples, loading it automatically
[22:03:26] [main/INFO]: Found new data pack betterdungeons, loading it automatically
[22:03:26] [main/INFO]: Found new data pack betterendisland, loading it automatically
[22:03:26] [main/INFO]: Found new data pack betterfortresses, loading it automatically
[22:03:26] [main/INFO]: Found new data pack betterjungletemples, loading it automatically
[22:03:26] [main/INFO]: Found new data pack bettermineshafts, loading it automatically
[22:03:26] [main/INFO]: Found new data pack betteroceanmonuments, loading it automatically
[22:03:26] [main/INFO]: Found new data pack betterstrongholds, loading it automatically
[22:03:26] [main/INFO]: Found new data pack betterwitchhuts, loading it automatically
[22:03:26] [main/INFO]: Found new data pack collective, loading it automatically
[22:03:26] [main/INFO]: Found new data pack fabric, loading it automatically
[22:03:26] [main/INFO]: Found new data pack fabric-convention-tags-v1, loading it automatically
[22:03:26] [main/INFO]: Found new data pack file/bat membranes v1.0.9 (MC 1.20-1.20.6).zip, loading it automatically
[22:03:26] [main/INFO]: Found new data pack file/cauldron concrete v3.0.0 (MC 1.20-1.20.6).zip, loading it automatically
[22:03:26] [main/INFO]: Found new data pack file/enough_librarians_120.zip, loading it automatically
[22:03:26] [main/INFO]: Found new data pack file/infinity_cave-0.4.zip, loading it automatically
[22:03:26] [main/INFO]: Found new data pack file/wandering trades v1.7.6 (MC 1.20-1.20.6).zip, loading it automatically
[22:03:26] [main/INFO]: Found new data pack file/xp management v1.1.7 (MC 1.20-1.20.6).zip, loading it automatically
[22:03:26] [main/INFO]: Found new data pack mr_talentium, loading it automatically
[22:03:26] [main/INFO]: Found new data pack mr_true_ending, loading it automatically
[22:03:26] [main/INFO]: Found new data pack nox, loading it automatically
[22:03:26] [main/INFO]: Found new data pack nullscape, loading it automatically
[22:03:26] [main/INFO]: Found new data pack server_translations_api, loading it automatically
[22:03:26] [main/INFO]: Found new data pack terralith, loading it automatically
[22:03:26] [main/INFO]: Found new data pack universal_shops, loading it automatically
[22:03:26] [main/INFO]: Found new data pack vivecraft, loading it automatically
[22:03:26] [main/INFO]: Found new data pack yungsextras, loading it automatically
[22:03:27] [main/INFO]: No existing world data, creating new world
[22:03:29] [main/WARN]: Found loot table element validation problem in {loot_tables:minecraft:entities/bat}.pools[1].entries[0]: Unknown loot table called minecraft:entities/reference/mmh/bat
[22:03:29] [main/INFO]: Loaded 7 recipes
[22:03:29] [main/INFO]: Loaded 1604 advancements
[22:03:29] [ForkJoinPool.commonPool-worker-1/INFO]: Loaded 166 translation keys
[22:03:30] [main/INFO]: Applied 598 biome modifications to 158 of 172 new biomes in 55.42 ms
[22:03:30] [Server thread/INFO]: Starting minecraft server version 1.20.4
[22:03:30] [Server thread/INFO]: Loading properties
[22:03:30] [Server thread/INFO]: Default game type: SURVIVAL
[22:03:30] [Server thread/INFO]: Generating keypair
[22:03:30] [Server thread/INFO]: Starting Minecraft server on *:25565
[22:03:30] [Server thread/INFO]: Using default channel type
[22:03:31] [Server thread/INFO]: Preparing level "world"
[22:03:36] [Server thread/INFO]: Preparing start region for dimension minecraft:overworld
[22:03:36] [Worker-Main-15/INFO]: Preparing spawn area: 0%
[22:03:36] [Worker-Main-13/INFO]: Preparing spawn area: 0%
[22:03:37] [Worker-Main-9/INFO]: Preparing spawn area: 0%
[22:03:37] [Worker-Main-3/INFO]: Preparing spawn area: 0%
[22:03:38] [Worker-Main-10/INFO]: Preparing spawn area: 1%
[22:03:38] [Worker-Main-14/INFO]: Preparing spawn area: 2%
[22:03:39] [Worker-Main-12/INFO]: Preparing spawn area: 3%
[22:03:39] [Worker-Main-9/INFO]: Preparing spawn area: 4%
[22:03:40] [Worker-Main-2/INFO]: Preparing spawn area: 5%
[22:03:40] [Worker-Main-10/INFO]: Preparing spawn area: 7%
[22:03:41] [Worker-Main-5/INFO]: Preparing spawn area: 9%
[22:03:41] [Worker-Main-7/INFO]: Preparing spawn area: 10%
[22:03:41] [Worker-Main-5/ERROR]: Hanging entity at invalid position: class_2338{x=-129, y=74, z=-118}
[22:03:41] [Worker-Main-5/ERROR]: Hanging entity at invalid position: class_2338{x=-129, y=74, z=-116}
[22:03:41] [Worker-Main-5/ERROR]: Hanging entity at invalid position: class_2338{x=-128, y=74, z=-118}
[22:03:42] [Worker-Main-15/INFO]: Preparing spawn area: 12%
[22:03:42] [Worker-Main-3/INFO]: Preparing spawn area: 14%
[22:03:43] [Worker-Main-6/INFO]: Preparing spawn area: 15%
[22:03:43] [Worker-Main-5/INFO]: Preparing spawn area: 16%
[22:03:44] [Worker-Main-7/INFO]: Preparing spawn area: 19%
[22:03:44] [Worker-Main-5/INFO]: Preparing spawn area: 21%
[22:03:45] [Worker-Main-11/INFO]: Preparing spawn area: 22%
[22:03:45] [Worker-Main-6/INFO]: Preparing spawn area: 23%
[22:03:46] [Worker-Main-10/INFO]: Preparing spawn area: 26%
[22:03:46] [Worker-Main-10/INFO]: Preparing spawn area: 27%
[22:03:47] [Worker-Main-14/INFO]: Preparing spawn area: 30%
[22:03:47] [Worker-Main-10/INFO]: Preparing spawn area: 31%
[22:03:48] [Worker-Main-10/INFO]: Preparing spawn area: 33%
[22:03:48] [Worker-Main-4/INFO]: Preparing spawn area: 34%
[22:03:49] [Worker-Main-1/INFO]: Preparing spawn area: 37%
[22:03:49] [Worker-Main-5/INFO]: Preparing spawn area: 38%
[22:03:50] [Worker-Main-6/INFO]: Preparing spawn area: 40%
[22:03:50] [Worker-Main-2/INFO]: Preparing spawn area: 42%
[22:03:51] [Worker-Main-2/INFO]: Preparing spawn area: 43%
[22:03:51] [Worker-Main-12/INFO]: Preparing spawn area: 46%
[22:03:52] [Worker-Main-1/INFO]: Preparing spawn area: 47%
[22:03:52] [Worker-Main-10/INFO]: Preparing spawn area: 48%
[22:03:53] [Worker-Main-15/INFO]: Preparing spawn area: 50%
[22:03:53] [Worker-Main-11/INFO]: Preparing spawn area: 53%
[22:03:54] [Worker-Main-8/INFO]: Preparing spawn area: 55%
[22:03:54] [Worker-Main-5/INFO]: Preparing spawn area: 57%
[22:03:55] [Worker-Main-3/INFO]: Preparing spawn area: 58%
[22:03:55] [Worker-Main-15/INFO]: Preparing spawn area: 59%
[22:03:56] [Worker-Main-12/INFO]: Preparing spawn area: 62%
[22:03:56] [Worker-Main-9/INFO]: Preparing spawn area: 64%
[22:03:57] [Worker-Main-1/INFO]: Preparing spawn area: 66%
[22:03:57] [Worker-Main-14/INFO]: Preparing spawn area: 68%
[22:03:58] [Worker-Main-8/INFO]: Preparing spawn area: 70%
[22:03:58] [Worker-Main-14/INFO]: Preparing spawn area: 72%
[22:03:59] [Worker-Main-13/INFO]: Preparing spawn area: 73%
[22:03:59] [Worker-Main-4/INFO]: Preparing spawn area: 76%
[22:04:00] [Worker-Main-5/INFO]: Preparing spawn area: 78%
[22:04:00] [Worker-Main-3/INFO]: Preparing spawn area: 80%
[22:04:01] [Worker-Main-8/INFO]: Preparing spawn area: 82%
[22:04:01] [Worker-Main-2/INFO]: Preparing spawn area: 83%
[22:04:02] [Worker-Main-10/INFO]: Preparing spawn area: 85%
[22:04:02] [Worker-Main-3/INFO]: Preparing spawn area: 87%
[22:04:03] [Worker-Main-9/INFO]: Preparing spawn area: 89%
[22:04:03] [Worker-Main-9/INFO]: Preparing spawn area: 91%
[22:04:04] [Worker-Main-5/INFO]: Preparing spawn area: 93%
[22:04:04] [Worker-Main-10/INFO]: Preparing spawn area: 96%
[22:04:05] [Worker-Main-13/INFO]: Preparing spawn area: 98%
[22:04:05] [Server thread/INFO]: Time elapsed: 29262 ms
[22:04:05] [Server thread/INFO]: Done (34.011s)! For help, type "help"
[22:05:32] [Server thread/INFO]: Stopping the server
[22:05:32] [Server thread/INFO]: Vivecraft: shutting down vivecraft scheduler
[22:05:32] [Server thread/INFO]: Stopping server
[22:05:32] [Server thread/INFO]: Saving players
[22:05:32] [Server thread/INFO]: Saving worlds
[22:05:33] [Server thread/INFO]: Saving chunks for level 'ServerLevel[world]'/minecraft:overworld
[22:05:34] [Server thread/INFO]: Saving chunks for level 'ServerLevel[world]'/minecraft:the_end
[22:05:34] [Server thread/INFO]: Saving chunks for level 'ServerLevel[world]'/minecraft:the_nether
[22:05:34] [Server thread/INFO]: ThreadedAnvilChunkStorage (world): All chunks are saved
[22:05:34] [Server thread/INFO]: ThreadedAnvilChunkStorage (DIM1): All chunks are saved
[22:05:34] [Server thread/INFO]: ThreadedAnvilChunkStorage (DIM-1): All chunks are saved
[22:05:34] [Server thread/INFO]: ThreadedAnvilChunkStorage: All dimensions are saved
[22:05:34] [Server thread/INFO]: [Textile Backup] Warning! Server backup will begin shortly. You may experience some lag.
[22:05:34] [Server thread/INFO]: [Textile Backup] Backup started by: Server Shutdown on: 2025.01.21_22-05-34
[22:05:34] [Server thread/INFO]: [Textile Backup] Starting backup
[22:05:35] [Server thread/INFO]: [Textile Backup] Compression took: 00.264 seconds.
[22:05:35] [Server thread/INFO]: [Textile Backup] Done!
